May 12 17:35 : exception: RTIOThread could not get realtime scheduling, continuing anyway: sched_setscheduler failed: Operation not permitted
May 12 17:35 : exception: Failed to open '/home/raech/.config/mpd/mpdstate': No such file or directory
May 12 17:35 : config: option 'device' on line 13 was not recognized
May 12 17:35 : update: added Magi - The Kingdom of Magic - OP2 - Light-HIKARI- ViViD/MP3/01. Light -HIKARI-.mp3
May 12 17:35 : update: added Magi - The Kingdom of Magic - OP2 - Light-HIKARI- ViViD/MP3/02. OVER THE LIMIT.mp3
May 12 17:35 : update: added Aimer/BEST SELECTION blanc/01. 六等星の夜.mp3
May 12 17:35 : update: added Aimer/BEST SELECTION blanc/02. 蝶々結び.mp3
May 12 17:35 : update: added Aimer/BEST SELECTION blanc/03. あなたに出会わなければ〜夏雪冬花〜 .mp3
May 12 17:35 : update: added Aimer/BEST SELECTION blanc/04. ポラリス.mp3
May 12 17:35 : update: added Aimer/BEST SELECTION blanc/05. Re-pray.mp3
May 12 17:35 : update: added Aimer/BEST SELECTION blanc/06. 星屑ビーナス.mp3
May 12 17:35 : update: added Aimer/BEST SELECTION blanc/07. broKen NIGHT.mp3
May 12 17:35 : update: added Aimer/BEST SELECTION blanc/08. カタオモイ.mp3
May 12 17:35 : update: added Aimer/BEST SELECTION blanc/09. 君を待つ.mp3
May 12 17:35 : update: added Aimer/BEST SELECTION blanc/10. 茜さす.mp3
May 12 17:35 : update: added Aimer/BEST SELECTION blanc/11. 雪の降る街.mp3
May 12 17:35 : update: added Aimer/BEST SELECTION blanc/12. everlasting snow.mp3
May 12 17:35 : update: added Aimer/BEST SELECTION blanc/13. March of Time.mp3
May 12 17:35 : update: added Aimer/BEST SELECTION blanc/14. 歌鳥風月.mp3
May 12 17:35 : update: added Aimer/[2014.09.03] Dareka, Umi wo. (誰か、海を。) [Mini Album]/01. 誰か、海を。.mp3
May 12 17:35 : update: added Aimer/[2014.09.03] Dareka, Umi wo. (誰か、海を。) [Mini Album]/02. 白昼夢.mp3
May 12 17:35 : update: added Aimer/[2014.09.03] Dareka, Umi wo. (誰か、海を。) [Mini Album]/03. for ロンリー with 阿部真央.mp3
May 12 17:35 : update: added Aimer/[2014.09.03] Dareka, Umi wo. (誰か、海を。) [Mini Album]/04. 眠りの森 (Kazuki Remix) with Yuuki Ozaki (from Galileo Galilei).mp3
May 12 17:35 : update: added Aimer/[2014.09.03] Dareka, Umi wo. (誰か、海を。) [Mini Album]/05. Cold Sun (Ryo Nagano Remix) with 永野亮(APOGEE).mp3
May 12 17:35 : update: added Amazarashi/amazarashi - Sora ni Utaeba/01. 空に歌えば.mp3
May 12 17:35 : update: added Amazarashi/amazarashi - Sora ni Utaeba/02. 月光、街を焼く.mp3
May 12 17:35 : update: added Amazarashi/amazarashi - Sora ni Utaeba/03. たられば.mp3
May 12 17:35 : update: added Amazarashi/amazarashi - Sora ni Utaeba/04. たられば -Acoustic Ver.-.mp3
May 12 17:35 : update: added Amazarashi/amazarashi – Kisetsu wa Tsugitsugi Shindeiku Single/01 季節は次々死んでいく.mp3
May 12 17:35 : update: added Amazarashi/amazarashi – Kisetsu wa Tsugitsugi Shindeiku Single/03 自虐家のアリー.mp3
May 12 17:35 : update: added Ao Haru Ride/Sekai wa Koi ni Ochiteiru.mp3
May 12 17:35 : update: added Ao no Ekusoshisuto OP/01. CORE PRIDE.mp3
May 12 17:35 : update: added Ao no Ekusoshisuto OP/02. 境地・マントラ.mp3
May 12 17:35 : update: added Barakamon OST/01 - Rashisa.mp3
May 12 17:35 : update: added Barakamon OST/02 - Watakushigoto.mp3
May 12 17:35 : update: added Bleach OST/01 - Hitohira no Hanabira.mp3
May 12 17:35 : update: added Bleach OST/01 - Ichirin no Hana.mp3
May 12 17:35 : update: added Bleach OST/01 - Rolling star.mp3
May 12 17:35 : update: added Bleach OST/02 - Nyaamii.mp3
May 12 17:35 : update: added Bleach OST/02 - Warped Reflection.mp3
May 12 17:35 : update: added Bleach OST/02 - Winter Hot Music.mp3
May 12 17:35 : update: added Bleach OST/03 - I remember you ~YUI Acoustic Version~.mp3
May 12 17:35 : update: added Bleach OST/03 - Yuukan na Funny Friends.mp3
May 12 17:35 : update: added Btooom! OP Single - No pain, No game/01 - No pain, No game.mp3
May 12 17:35 : update: added Btooom! OP Single - No pain, No game/01.アオゾラ.mp3
May 12 17:35 : update: added Burnout Syndrome/02 エアギターガール.mp3
May 12 17:35 : update: added Burnout Syndrome/03 サクラカノン.mp3
May 12 17:35 : update: added Danshi Koukousei no Nichijou/Shiny-tale-Danshi-Koukousei-no-Nichijou-OP-Mix-Speaker-s-Inc.mp3
May 12 17:35 : update: added DAOKO – Shiteki Ryokou (3rd Album)/DAOKO - 03 - オイデオイデ.mp3
May 12 17:35 : update: added DAOKO – Shiteki Ryokou (3rd Album)/DAOKO - 04 - 24h.mp3
May 12 17:35 : update: added DAOKO – Shiteki Ryokou (3rd Album)/DAOKO - 05 - 種も仕掛けもある魔法.mp3
May 12 17:35 : update: added DAOKO – Shiteki Ryokou (3rd Album)/DAOKO - 06 - サニーボーイ・レイニーガール.mp3
May 12 17:35 : update: added DAOKO – Shiteki Ryokou (3rd Album)/DAOKO - 07 - 涙は雨粒.mp3
May 12 17:35 : update: added DAOKO – Shiteki Ryokou (3rd Album)/DAOKO - 08 - 蝶々になって.mp3
May 12 17:35 : update: added DAOKO – Shiteki Ryokou (3rd Album)/DAOKO - 09 - 打上花火 (DAOKO SOLO ver.).mp3
May 12 17:35 : update: added Deadman Wonderland OP Single - One Reason/02 - One Reason.mp3
May 12 17:35 : update: added Deadman Wonderland OP Single - One Reason/03 - From the Heart.mp3
May 12 17:35 : update: added DEAN FUJIOKA - History Maker/01. History Maker.mp3
May 12 17:35 : update: added Fairy Tail OST/01 - Kimi ga Iru Kara.mp3
May 12 17:35 : update: added Fairy Tail OST/01 - Snow fairy.mp3
May 12 17:35 : update: added Fairy Tail OST/02 - Aitakute.mp3
May 12 17:35 : update: added Fairy Tail OST/02 Boys Be Ambitious!!.flac
May 12 17:35 : update: added Fairy Tail OST/03 Hajimari no Sora.flac
May 12 17:35 : update: added Fairy Tail OST/04 Glitter (Starving Trancer Remix).flac
May 12 17:35 : update: added Fairy Tail OST/05 「Tenohira」.flac
May 12 17:35 : update: added Fairy Tail OST/06 Yell ~Kagayaku Tame no Mono~.flac
May 12 17:35 : update: added Fairy Tail OST/07 Breakthrough.flac
May 12 17:35 : update: added Fairy Tail OST/08 Kimi ga Kureta Mono.flac
May 12 17:35 : update: added Fairy Tail OST/09 Fairy Tail ~Yakusoku no Hi~.flac
May 12 17:35 : update: added Fairy Tail OST/10 We're the stars.flac
May 12 17:35 : update: added Flow/Colors.mp3
May 12 17:35 : update: added Fullmetal Alchemist Brotherhood/01 - Rain.mp3
May 12 17:35 : update: added Fullmetal Alchemist Brotherhood/01 again.flac
May 12 17:35 : update: added Fullmetal Alchemist Brotherhood/01 Period.flac
May 12 17:35 : update: added Fullmetal Alchemist Brotherhood/02 - cut.mp3
May 12 17:35 : update: added Fullmetal Alchemist Brotherhood/02 Brandnew Season -Yume no Joushaken-.flac
May 12 17:35 : update: added Fullmetal Alchemist Brotherhood/02 Sea.flac
May 12 17:35 : update: added Fullmetal Alchemist Brotherhood/03 - chapter 1 (Live from [Ichiban Suki na Basho 2010]).mp3
May 12 17:35 : update: added Fullmetal Alchemist Brotherhood/03 SUMMER SONG -YUI Acoustic Version-.flac
May 12 17:35 : update: added Ghibli the Best [MP3]/01 - Therru no Uta.mp3
May 12 17:35 : update: added Ghibli the Best [MP3]/03 - Always With Me (Spirited Away).mp3
May 12 17:35 : update: added Ghibli the Best [MP3]/04 - My Neighbor Totoro.mp3
May 12 17:35 : update: added Ghibli the Best [MP3]/05 - Carrying You (Castle in the Sky).mp3
May 12 17:35 : update: added Ghibli the Best [MP3]/06 - Princess Mononoke Medley.mp3
May 12 17:35 : update: added Ghibli the Best [MP3]/08 - The Days Long Gone (Nausicaa of the Valley of the Wind).mp3
May 12 17:35 : update: added Ghibli the Best [MP3]/09 - The Merry-go-round of Life (Howl's Moving Castle).mp3
May 12 17:35 : update: added Ghibli the Best [MP3]/10 - The Rose (Only Yesterday).mp3
May 12 17:35 : update: added Ghibli the Best [MP3]/12 - Talking of the Old Times (Porco Rosso).mp3
May 12 17:35 : update: added Ghibli the Best [MP3]/13 - Nausicaa of the Valley of the Wind.mp3
May 12 17:35 : update: added Ghibli the Best [MP3]/14 - Le Temps des Cerises (Porco Rosso).mp3
May 12 17:35 : update: added Ghibli the Best [MP3]/15 - A Town with an Ocean View (Kiki's Delivery Service).mp3
May 12 17:35 : update: added Ghibli the Best [MP3]/16 - The Promise of the World (Howl's Moving Castle).mp3
May 12 17:35 : update: added Ghibli the Best [MP3]/25 - Kaze Ni Naru.mp3
May 12 17:35 : update: added Guilty Crown OST [MP3]/01 Departures ~Anata ni Okuru Ai no Uta~.mp3
May 12 17:35 : update: added Guilty Crown OST [MP3]/01 My Dearest.mp3
May 12 17:35 : update: added Guilty Crown OST [MP3]/02 Euterpe.mp3
May 12 17:35 : update: added Guilty Crown OST [MP3]/02 Zainin.mp3
May 12 17:35 : update: added Haikyu!! COMPLETE BEST/01. Imagination.mp3
May 12 17:35 : update: added Haikyu!! COMPLETE BEST/02. Tenchi gaeshi.mp3
May 12 17:35 : update: added Haikyu!! COMPLETE BEST/03. Ah Yeah!!.mp3
May 12 17:35 : update: added Haikyu!! COMPLETE BEST/04. LEO.mp3
May 12 17:35 : update: added Haikyu!! COMPLETE BEST/05. Hoshi wo tsukamaete.mp3
May 12 17:35 : update: added Haikyu!! COMPLETE BEST/06. I'm a Believer.mp3
May 12 17:35 : update: added Haikyu!! COMPLETE BEST/07. Climber.mp3
May 12 17:35 : update: added Haikyu!! COMPLETE BEST/08. FLY HIGH!!.mp3
May 12 17:35 : update: added Haikyu!! COMPLETE BEST/09. Hatsunetsu.mp3
May 12 17:35 : update: added Haikyu!! COMPLETE BEST/10. Hikari Are.mp3
May 12 17:35 : update: added Haikyu!! COMPLETE BEST/11. Mashi Mashi.mp3
May 12 17:35 : update: added HYDE - Zipang/1-01. Zipang (Japanese Version).mp3
May 12 17:35 : update: added HYDE - Zipang/1-02. Ordinary World.mp3
May 12 17:35 : update: added Hyouka OST/01 - Yasashisa no Riyuu.mp3
May 12 17:35 : update: added Hyouka OST/02 - Komorebi-iro no Kioku.mp3
May 12 17:35 : update: added Hyouka OST/03 - Aozora no Kodou.mp3
May 12 17:35 : update: added Kalafina/Ku Gatsu.mp3
May 12 17:35 : update: added Kalafina/Lacrimosa.mp3
May 12 17:35 : update: added KANA-BOON - ネリネ/01. ネリネ.mp3
May 12 17:35 : update: added KANA-BOON - ネリネ/02. アフターワード.mp3
May 12 17:35 : update: added KANA-BOON - ネリネ/03. 春を待って.mp3
May 12 17:35 : update: added KANA-BOON - ネリネ/04. 湯気.mp3
May 12 17:35 : update: added KANA-BOON - ネリネ/05. ペンギン.mp3
May 12 17:35 : ffmpeg/mov,mp4,m4a,3gp,3g2,mj2: stream 0, timescale not set
May 12 17:35 : update: added Kankaku Piero - Rakugaki Page (Single) BLACK CLOVER OP6/01 落書きペイジ.m4a
May 12 17:35 : update: added Kazumi Nikaido/Inochi no Kioku.mp3
May 12 17:35 : update: added Kimi no Na wa. Original Soundtrack  RADWIMPS/08. 前前前世 (Movie Ver.).mp3
May 12 17:35 : update: added Kimi no Na wa. Original Soundtrack  RADWIMPS/27. なんでもないや (Movie Ver.).mp3
May 12 17:35 : update: added Kimi no Na wa. Original Soundtrack  RADWIMPS/スパークル - Sparkle.mp3
May 12 17:35 : update: added MADKID - Rise (Single) Tate no Yuusha no Nariagari OP/01.RISE.mp3
May 12 17:35 : update: added MADKID - Rise (Single) Tate no Yuusha no Nariagari OP/02.Puzzle.mp3
May 12 17:35 : update: added Mahoutsukai no Yome [FLAC]/[171101] ED1 - 環-cycle- - Hana Itoki/01. 環-cycle-.flac
May 12 17:35 : update: added Mahoutsukai no Yome [FLAC]/[171101] ED1 - 環-cycle- - Hana Itoki/02. EYE.flac
May 12 17:35 : update: added Mahoutsukai no Yome [FLAC]/[171101] OP1 - Here - JUNNA/01. Here.flac
May 12 17:35 : update: added Mahoutsukai no Yome [FLAC]/[171101] OP1 - Here - JUNNA/02. Steppin’ Out.flac
May 12 17:35 : update: added Mahoutsukai no Yome [FLAC]/[171101] OP1 - Here - JUNNA/03. Sora no Sumika.flac
May 12 17:35 : update: added Mahoutsukai no Yome [FLAC]/[180207] ED2 - Tsuki no Mou Hanbun - AIKI & AKINO from bless4/01. Tsuki no Mou Hanbun.flac
May 12 17:35 : update: added Mahoutsukai no Yome [FLAC]/[180207] OP2 - You - May'n/01. You.flac
May 12 17:35 : update: added Mahoutsukai no Yome [FLAC]/[180207] OP2 - You - May'n/02. Another.flac
May 12 17:35 : update: added Mahoutsukai no Yome [FLAC]/[180207] OP2 - You - May'n/03. Monster.flac
May 12 17:35 : update: added Major メジャー Perfect Song Collection/CD 1/01. Kokoroe - Road Of Major.mp3
May 12 17:35 : update: added Major メジャー Perfect Song Collection/CD 1/02. Step - Arashiro Beni.mp3
May 12 17:35 : update: added Major メジャー Perfect Song Collection/CD 1/03. Faraway - Paradise Go!! Go!!.mp3
May 12 17:35 : update: added Major メジャー Perfect Song Collection/CD 1/04. Saraba Aoki Omokage - Road Of Major.mp3
May 12 17:35 : update: added Major メジャー Perfect Song Collection/CD 1/05. Wonderland - May.mp3
May 12 17:35 : update: added Major メジャー Perfect Song Collection/CD 1/06. Shoboi Kao Sunnayo Baby - The Loose Dogs.mp3
May 12 17:35 : update: added Major メジャー Perfect Song Collection/CD 1/07. Play The Game.mp3
May 12 17:35 : update: added Major メジャー Perfect Song Collection/CD 1/08. Strike Party!!!.mp3
May 12 17:35 : update: added Major メジャー Perfect Song Collection/CD 1/09. Yoru Ni Nareba - The Loose Dogs.mp3
May 12 17:35 : update: added Major メジャー Perfect Song Collection/CD 1/10. Rise - Otomo Kohei.mp3
May 12 17:35 : update: added Major メジャー Perfect Song Collection/CD 1/11. One Day - The Loose Dogs.mp3
May 12 17:35 : update: added Major メジャー Perfect Song Collection/CD 1/12. Ame Nochi Niji Iro - Shigeno Gorou The Loose Dogs Feat.ohguro Maki.mp3
May 12 17:35 : update: added Major メジャー Perfect Song Collection/CD 1/13. Hey!hey!alright - Scha Dara Parr + Kimura Kaela.mp3
May 12 17:35 : update: added Major メジャー Perfect Song Collection/CD 1/14. Stay With Me - Shimatani Hitomi.mp3
May 12 17:35 : update: added Major メジャー Perfect Song Collection/CD 1/15. Jibun Color - Nakamura Yu.mp3
May 12 17:35 : update: added Major メジャー Perfect Song Collection/CD 1/16. Kokoroe - Triplane .mp3
May 12 17:35 : update: added Major メジャー Perfect Song Collection/CD 1/17. Twilight Star - Megamasso.mp3
May 12 17:35 : update: added Major メジャー Perfect Song Collection/CD 1/18. Zutto Mae Kara - French Kiss.mp3
May 12 17:35 : update: added Maon Kurosaki - ROAR (Single) Toaru Majutsu no Index III OP2/01. ROAR.mp3
May 12 17:35 : update: added Mika Nakashima – Yuki no Hana 15 Shunen Kinen Best Ban BIBLE/Disc 1/01 Yuki No Hana.mp3
May 12 17:35 : update: added Mika Nakashima – Yuki no Hana 15 Shunen Kinen Best Ban BIBLE/Disc 1/02 Will.mp3
May 12 17:35 : update: added Mika Nakashima – Yuki no Hana 15 Shunen Kinen Best Ban BIBLE/Disc 1/03 Sairen.mp3
May 12 17:35 : update: added Mika Nakashima – Yuki no Hana 15 Shunen Kinen Best Ban BIBLE/Disc 1/04 Hatsukoi.mp3
May 12 17:35 : update: added Mika Nakashima – Yuki no Hana 15 Shunen Kinen Best Ban BIBLE/Disc 1/05 Aishiteru.mp3
May 12 17:35 : update: added Mika Nakashima – Yuki no Hana 15 Shunen Kinen Best Ban BIBLE/Disc 1/06 Ainouta.mp3
May 12 17:35 : update: added Mika Nakashima – Yuki no Hana 15 Shunen Kinen Best Ban BIBLE/Disc 1/07 Koi Wo Suru.mp3
May 12 17:35 : update: added Mika Nakashima – Yuki no Hana 15 Shunen Kinen Best Ban BIBLE/Disc 1/08 Kiss of Death (Produced by Hyde).mp3
May 12 17:35 : update: added Mika Nakashima – Yuki no Hana 15 Shunen Kinen Best Ban BIBLE/Disc 1/09 Love Addict.mp3
May 12 17:35 : update: added Mika Nakashima – Yuki no Hana 15 Shunen Kinen Best Ban BIBLE/Disc 1/10 Love No Cry.mp3
May 12 17:35 : update: added Mika Nakashima – Yuki no Hana 15 Shunen Kinen Best Ban BIBLE/Disc 1/11 A or B.mp3
May 12 17:35 : update: added Mika Nakashima – Yuki no Hana 15 Shunen Kinen Best Ban BIBLE/Disc 1/12 Always.mp3
May 12 17:35 : update: added Mika Nakashima – Yuki no Hana 15 Shunen Kinen Best Ban BIBLE/Disc 1/13 Anatagairukara.mp3
May 12 17:35 : update: added Mika Nakashima – Yuki no Hana 15 Shunen Kinen Best Ban BIBLE/Disc 1/14 Hanataba.mp3
May 12 17:35 : update: added Mika Nakashima – Yuki no Hana 15 Shunen Kinen Best Ban BIBLE/Disc 1/15 Yoruga Akeru Maeni.mp3
May 12 17:35 : update: added Mika Nakashima – Yuki no Hana 15 Shunen Kinen Best Ban BIBLE/Disc 2/02 Orion.mp3
May 12 17:35 : update: added Mika Nakashima – Yuki no Hana 15 Shunen Kinen Best Ban BIBLE/Disc 2/03 Forget Me Not.mp3
May 12 17:35 : update: added Mika Nakashima – Yuki no Hana 15 Shunen Kinen Best Ban BIBLE/Disc 2/04 Melody.mp3
May 12 17:35 : update: added Mika Nakashima – Yuki no Hana 15 Shunen Kinen Best Ban BIBLE/Disc 2/05 Sakura Iro Mau Koro.mp3
May 12 17:35 : update: added Mika Nakashima – Yuki no Hana 15 Shunen Kinen Best Ban BIBLE/Disc 2/06 Dear.mp3
May 12 17:35 : update: added Mika Nakashima – Yuki no Hana 15 Shunen Kinen Best Ban BIBLE/Disc 2/07 Boku Ga Shinou To Omottanowa.mp3
May 12 17:35 : update: added Mika Nakashima – Yuki no Hana 15 Shunen Kinen Best Ban BIBLE/Disc 2/08 Hiro.mp3
May 12 17:35 : update: added Mika Nakashima – Yuki no Hana 15 Shunen Kinen Best Ban BIBLE/Disc 2/09 Alone.mp3
May 12 17:35 : update: added Mika Nakashima – Yuki no Hana 15 Shunen Kinen Best Ban BIBLE/Disc 2/10 Pierce.mp3
May 12 17:35 : update: added Mika Nakashima – Yuki no Hana 15 Shunen Kinen Best Ban BIBLE/Disc 2/11 Ashita Sekaiga Owarunara.mp3
May 12 17:35 : update: added Mika Nakashima – Yuki no Hana 15 Shunen Kinen Best Ban BIBLE/Disc 2/12 Koe.mp3
May 12 17:35 : update: added Mika Nakashima – Yuki no Hana 15 Shunen Kinen Best Ban BIBLE/Disc 2/13 Change the Scene.mp3
May 12 17:35 : update: added Mika Nakashima – Yuki no Hana 15 Shunen Kinen Best Ban BIBLE/Disc 2/14 Hitori (Single Version).mp3
May 12 17:35 : update: added Mika Nakashima – Yuki no Hana 15 Shunen Kinen Best Ban BIBLE/Disc 3/02 Stars.mp3
May 12 17:35 : update: added Mika Nakashima – Yuki no Hana 15 Shunen Kinen Best Ban BIBLE/Disc 3/03 Ichiban Kireina Watashiwo.mp3
May 12 17:35 : update: added Mika Nakashima – Yuki no Hana 15 Shunen Kinen Best Ban BIBLE/Disc 3/04 Life.mp3
May 12 17:35 : update: added Mika Nakashima – Yuki no Hana 15 Shunen Kinen Best Ban BIBLE/Disc 3/05 Glamorous Sky.mp3
May 12 17:35 : update: added Mika Nakashima – Yuki no Hana 15 Shunen Kinen Best Ban BIBLE/Disc 3/06 Fighter.mp3
May 12 17:35 : update: added Mika Nakashima – Yuki no Hana 15 Shunen Kinen Best Ban BIBLE/Disc 3/07 Over Load.mp3
May 12 17:35 : update: added Mika Nakashima – Yuki no Hana 15 Shunen Kinen Best Ban BIBLE/Disc 3/08 Tough.mp3
May 12 17:35 : update: added Mika Nakashima – Yuki no Hana 15 Shunen Kinen Best Ban BIBLE/Disc 3/10 Happy Life.mp3
May 12 17:35 : update: added Mika Nakashima – Yuki no Hana 15 Shunen Kinen Best Ban BIBLE/Disc 3/11 Gift.mp3
May 12 17:35 : update: added Mika Nakashima – Yuki no Hana 15 Shunen Kinen Best Ban BIBLE/Disc 3/12 The Dividing Line.mp3
May 12 17:35 : update: added Mika Nakashima – Yuki no Hana 15 Shunen Kinen Best Ban BIBLE/Disc 3/13 Find the Way.mp3
May 12 17:35 : update: added Mika Nakashima – Yuki no Hana 15 Shunen Kinen Best Ban BIBLE/Disc 3/14 Last Waltz.mp3
May 12 17:35 : update: added Minami - Kawaki wo Ameku (Single) Domestic na Kanojo OP/01.カワキヲアメク.mp3
May 12 17:35 : update: added Minami - Kawaki wo Ameku (Single) Domestic na Kanojo OP/02.main actor.mp3
May 12 17:35 : update: added Minami - Kawaki wo Ameku (Single) Domestic na Kanojo OP/04.Prologue.mp3
May 12 17:35 : update: added People In The Box – The Saints (Single)/01. 聖者たち.mp3
May 12 17:35 : update: added People In The Box – The Saints (Single)/02. あなたのなかの忘れた海.mp3
May 12 17:35 : update: added People In The Box – The Saints (Single)/03. 天国のアクシデント.mp3
May 12 17:35 : update: added Ragnarok Eternal/1. Wish.mp3
May 12 17:35 : update: added ReZero Kara Hajimeru Isekai Seikatsu OP Single - Redo FLAC/01 - Redo.flac
May 12 17:35 : update: added ReZero Kara Hajimeru Isekai Seikatsu OP Single - Redo FLAC/02 - Mobius.flac
May 12 17:35 : update: added ReZero Kara Hajimeru Isekai Seikatsu OP Single - Redo FLAC/03 - Sekai wa Kizu wo Dakishimeru (Acoustic ver.).flac
May 12 17:35 : update: added Shingeki no Kyojin/01 - great escape.mp3
May 12 17:35 : update: added Shingeki no Kyojin/01 - Guren no Yumiya.mp3
May 12 17:35 : update: added Shingeki no Kyojin/01 - Utsukushiki Zankoku na Sekai.mp3
May 12 17:35 : update: added Shingeki no Kyojin/02 - cinema staff [Boku Tachi no Honou] tour Final@2013.07.11 Shibuya CLUB QUATTRO.mp3
May 12 17:35 : update: added Shingeki no Kyojin/02 - Jiyuu no Tsubasa.mp3
May 12 17:35 : update: added Shingeki no Kyojin/02 - Starting line.mp3
May 12 17:35 : update: added Shingeki no Kyojin/03 - Moshi Kono Kabe no Naka ga Ikken no Ie da to Shitara.mp3
May 12 17:35 : update: added Suzumiya Haruhi no Tsumeawase/01 God knows.mp3
May 12 17:35 : update: added Suzumiya Haruhi no Tsumeawase/01 Sekai ga Yumemiru Yume no Naka (Харухи + Юки + Микуру).mp3
May 12 17:35 : update: added Suzumiya Haruhi no Tsumeawase/02 Lost my music.mp3
May 12 17:35 : update: added TK from Ling tosite sigure - unravel (Single)/01. unravel.mp3
May 12 17:35 : update: added TK from Ling tosite sigure - unravel (Single)/02. Fu re te Fu re ru.mp3
May 12 17:35 : update: added Ultra Tower/1 希望の唄.mp3
May 12 17:35 : update: added Ultra Tower/2 ハロー.mp3
May 12 17:35 : update: added Yanaginagi/10. Orarion.flac
May 12 17:35 : update: added Yanaginagi/01. Futatsu no Tsuki.flac
May 12 17:35 : update: added Yanaginagi/01. over and over.flac
May 12 17:35 : update: added Yanaginagi/01. Yukitoki.flac
May 12 17:35 : update: added Yanaginagi/02. here and there.flac
May 12 17:35 : update: added Yanaginagi/02. Laterality.flac
May 12 17:35 : update: added Yanaginagi/02. point at infinity.flac
May 12 17:35 : update: added Yanaginagi/03. Tetragon.flac
May 12 17:35 : update: added Yanaginagi/03. Tokuhana.flac
May 12 17:35 : update: added Yanaginagi/04. Jikan wa Mado no Mukougawa.flac
May 12 17:35 : update: added Yanaginagi/04. Orarion.flac
May 12 17:35 : update: added Yanaginagi/05. Kazakiri.flac
May 12 17:35 : update: added Yanaginagi/05. Laterality.flac
May 12 17:35 : update: added Yanaginagi/05. Zoetrope.flac
May 12 17:35 : update: added Yanaginagi/06. Ambivalentidea.flac
May 12 17:35 : update: added Yanaginagi/06. Kazakiri.flac
May 12 17:35 : update: added Yanaginagi/07. Aliens.flac
May 12 17:35 : update: added Yanaginagi/07. Madoi Mirai.flac
May 12 17:35 : update: added Yanaginagi/07. Meimoku no Kanata.flac
May 12 17:35 : update: added Yanaginagi/08. Aqua Terrarium.flac
May 12 17:35 : update: added Yanaginagi/08. Mukei no Outline.flac
May 12 17:35 : update: added Yanaginagi/08. Tsuki Akari Funwari Ochitekuru Yoru.flac
May 12 17:35 : update: added Yanaginagi/09. Esse.flac
May 12 17:35 : update: added Yanaginagi/09. mnemonic.flac
May 12 17:35 : update: added Yanaginagi/09. Souzou no Kimi.flac
May 12 17:35 : update: added Yanaginagi/10. Crossroad.flac
May 12 17:35 : update: added Yanaginagi/10. mnemonic.flac
May 12 17:35 : update: added Yanaginagi/11. BiblioMonster.flac
May 12 17:35 : update: added Yanaginagi/11. Satoudama no Tsuki.flac
May 12 17:35 : update: added Yanaginagi/11. Sweet Track.flac
May 12 17:35 : update: added Yanaginagi/12. CorLeonis.flac
May 12 17:35 : update: added Yanaginagi/12. Mimei no Kimi to Hakumei no Mahou.flac
May 12 17:35 : update: added Yanaginagi/12. Mitsuba no Musubime.flac
May 12 17:35 : update: added Yanaginagi/13. Satoudama no Tsuki.flac
May 12 17:35 : update: added Yanaginagi/13. Yoake no Hikari wo Atsume Nagara.flac
May 12 17:35 : update: added Yanaginagi/13. Yoru Tenmaku.flac
May 12 17:35 : update: added Yanaginagi/14. Harumodoki.flac
May 12 17:35 : update: added Yanaginagi/14. link.flac
May 12 17:35 : update: added Yanaginagi/14. Terminal.flac
May 12 17:35 : update: added Yanaginagi/15. Vidro Moyou.flac
May 12 17:35 : update: added Yanaginagi/15. You can count on me.flac
May 12 17:35 : update: added YUKI - forme/01. チャイム.mp3
May 12 17:35 : update: added YUKI - forme/02. トロイメライ.mp3
May 12 17:35 : update: added YUKI - forme/03. やたらとシンクロニシティ.mp3
May 12 17:35 : update: added YUKI - forme/04. 魔法はまだ.mp3
May 12 17:35 : update: added YUKI - forme/05. しのびこみたい.mp3
May 12 17:35 : update: added YUKI - forme/06. ただいま.mp3
May 12 17:35 : update: added YUKI - forme/07. 口実にして.mp3
May 12 17:35 : update: added YUKI - forme/08. 風来坊.mp3
May 12 17:35 : update: added YUKI - forme/09. 転校生になれたら.mp3
May 12 17:35 : update: added YUKI - forme/10. Sunday Girl.mp3
May 12 17:35 : update: added YUKI - forme/11. 百日紅.mp3
May 12 17:35 : update: added YUKI - forme/12. 24hours.mp3
May 12 17:35 : update: added YUKI - forme/13. 美しいわ.mp3
May 12 17:35 : update: added Yuuki Ozaki (from Galileo Galilei) - Trigger/01. Trigger.mp3
May 12 17:35 : update: added Yuuki Ozaki (from Galileo Galilei) - Trigger/02. Dobu To Kobune To Bokura No Shinwa (Single Ver.).mp3
May 12 17:35 : update: added Yuuki Ozaki (from Galileo Galilei) - Trigger/03. Ashi No Tsuku Umi.mp3
May 12 17:35 : update: added [AOJS] Janne Da Arc - Gekkouka/01. 月光花.mp3
May 12 17:35 : update: added [AOJS] Janne Da Arc - Gekkouka/02. WING.mp3
May 12 17:35 : update: added [AOJS] Janne Da Arc - Gekkouka/03. 月光花 -Black Jack Mix-.mp3
May 12 17:35 : update: added [ASL] Various Artists - Tokyo Ghoul Original Soundtrack [FLAC]/01 GLASSY SKY.flac
May 12 17:35 : update: added 藤田麻衣子 - wish ～キボウ～/1 wish ～キボウ～.mp3
May 12 17:35 : update: added 藤田麻衣子 - wish ～キボウ～/2 トライアングル(duet with 奥華子).mp3
May 12 17:35 : update: added 藤田麻衣子 - wish ～キボウ～/3 気持ちの整理できるまで.mp3
May 12 17:35 : exception: RTIOThread could not get realtime scheduling, continuing anyway: sched_setscheduler failed: Operation not permitted
May 12 17:35 : config: option 'device' on line 13 was not recognized
May 12 17:35 : client: [0] opened from 127.0.0.1:38040
May 12 17:37 : exception: OutputThread could not get realtime scheduling, continuing anyway: sched_setscheduler failed: Operation not permitted
May 12 17:37 : exception: OutputThread could not get realtime scheduling, continuing anyway: sched_setscheduler failed: Operation not permitted
May 12 17:41 : client: [1] opened from 127.0.0.1:38132
May 12 17:41 : client: [1] closed
May 12 17:42 : player: played "[AOJS] Janne Da Arc - Gekkouka/01. 月光花.mp3"
May 12 17:42 : client: [2] opened from 127.0.0.1:38176
May 12 17:42 : client: [2] closed
May 12 17:43 : client: [3] opened from 127.0.0.1:38178
May 12 17:43 : client: [3] closed
May 12 17:43 : client: [4] opened from 127.0.0.1:38182
May 12 17:43 : client: [4] closed
May 12 17:43 : client: [5] opened from 127.0.0.1:38184
May 12 17:43 : client: [5] closed
May 12 17:43 : client: [6] opened from 127.0.0.1:38186
May 12 17:43 : client: [6] closed
May 12 17:43 : client: [7] opened from 127.0.0.1:38188
May 12 17:43 : client: [7] closed
May 12 17:43 : client: [8] opened from 127.0.0.1:38190
May 12 17:43 : client: [8] closed
May 12 17:43 : client: [9] opened from 127.0.0.1:38192
May 12 17:43 : client: [9] closed
May 12 17:43 : client: [10] opened from 127.0.0.1:38194
May 12 17:43 : client: [10] closed
May 12 17:45 : client: [0] closed
May 12 17:45 : client: [11] opened from 127.0.0.1:38204
May 12 17:45 : client: [11] closed
May 12 17:46 : client: [12] opened from 127.0.0.1:38206
May 12 17:48 : client: [12] closed
May 12 17:48 : player: played "Bleach OST/02 - Nyaamii.mp3"
May 12 17:48 : client: [13] opened from 127.0.0.1:38208
May 12 17:49 : client: [14] opened from 127.0.0.1:38210
May 12 17:49 : client: [14] closed
May 12 17:54 : player: played "Yanaginagi/13. Yoake no Hikari wo Atsume Nagara.flac"
May 12 17:56 : player: played "Yuuki Ozaki (from Galileo Galilei) - Trigger/02. Dobu To Kobune To Bokura No Shinwa (Single Ver.).mp3"
May 12 17:57 : client: [15] opened from 127.0.0.1:38492
May 12 17:57 : client: [15] closed
May 12 18:00 : player: played "Yanaginagi/11. BiblioMonster.flac"
May 12 18:06 : client: [16] opened from 127.0.0.1:38594
May 12 18:06 : client: [16] closed
May 12 18:07 : client: [17] opened from 127.0.0.1:38596
May 12 18:07 : client: [17] closed
May 12 18:07 : player: played "Fairy Tail OST/08 Kimi ga Kureta Mono.flac"
May 12 18:08 : client: [18] opened from 127.0.0.1:38666
May 12 18:08 : client: [18] closed
May 12 18:25 : client: [19] opened from 127.0.0.1:38732
May 12 18:25 : client: [19] closed
May 12 18:28 : client: [20] opened from 127.0.0.1:38752
May 12 18:28 : client: [20] closed
May 12 19:10 : client: [21] opened from 127.0.0.1:39536
May 12 19:10 : client: [21] closed
May 12 19:13 : player: played "Mika Nakashima – Yuki no Hana 15 Shunen Kinen Best Ban BIBLE/Disc 1/09 Love Addict.mp3"
May 12 19:17 : player: played "YUKI - forme/01. チャイム.mp3"
May 12 19:22 : player: played "Fullmetal Alchemist Brotherhood/03 - chapter 1 (Live from [Ichiban Suki na Basho 2010]).mp3"
May 12 19:24 : player: played "Fairy Tail OST/07 Breakthrough.flac"
May 12 19:31 : player: played "Amazarashi/amazarashi - Sora ni Utaeba/04. たられば -Acoustic Ver.-.mp3"
May 12 19:34 : player: played "Mahoutsukai no Yome [FLAC]/[171101] ED1 - 環-cycle- - Hana Itoki/01. 環-cycle-.flac"
May 12 19:39 : player: played "Mika Nakashima – Yuki no Hana 15 Shunen Kinen Best Ban BIBLE/Disc 3/07 Over Load.mp3"
May 12 19:43 : player: played "Fullmetal Alchemist Brotherhood/02 - cut.mp3"
May 12 19:47 : player: played "Fullmetal Alchemist Brotherhood/01 - Rain.mp3"
May 12 19:51 : player: played "Hyouka OST/02 - Komorebi-iro no Kioku.mp3"
May 12 19:56 : player: played "Major メジャー Perfect Song Collection/CD 1/09. Yoru Ni Nareba - The Loose Dogs.mp3"
May 12 20:01 : player: played "藤田麻衣子 - wish ～キボウ～/2 トライアングル(duet with 奥華子).mp3"
May 12 20:05 : player: played "Mika Nakashima – Yuki no Hana 15 Shunen Kinen Best Ban BIBLE/Disc 2/13 Change the Scene.mp3"
May 12 20:10 : player: played "Yanaginagi/10. Crossroad.flac"
May 12 20:14 : player: played "Barakamon OST/01 - Rashisa.mp3"
May 12 20:19 : player: played "Yanaginagi/06. Ambivalentidea.flac"
May 12 20:23 : player: played "Yanaginagi/05. Zoetrope.flac"
May 12 20:28 : player: played "DAOKO – Shiteki Ryokou (3rd Album)/DAOKO - 09 - 打上花火 (DAOKO SOLO ver.).mp3"
May 12 20:32 : client: [22] opened from 127.0.0.1:40872
May 12 20:32 : client: [22] closed
May 12 20:47 : client: [13] closed
May 12 20:47 : avahi: Client Disconnected, will reconnect shortly
May 12 20:47 : avahi: Could not reconnect: Daemon not running
May 12 20:47 : exception: Failed to pause "pulse audio" (pulse): failed to connect the stream: Connection terminated
May 12 20:47 : player: played "Maon Kurosaki - ROAR (Single) Toaru Majutsu no Index III OP2/01. ROAR.mp3"
May 13 15:26 : avahi: Failed to create client: Daemon not running
May 13 15:26 : exception: RTIOThread could not get realtime scheduling, continuing anyway: sched_setscheduler failed: Operation not permitted
May 13 15:26 : config: option 'device' on line 13 was not recognized
May 13 15:26 : exception: OutputThread could not get realtime scheduling, continuing anyway: sched_setscheduler failed: Operation not permitted
xcb_connection_has_error() returned true
May 13 15:26 : player: played "Maon Kurosaki - ROAR (Single) Toaru Majutsu no Index III OP2/01. ROAR.mp3"
May 13 15:34 : config: option 'device' on line 13 was not recognized
May 13 15:34 : exception: Failed to enable output "pulse audio" (pulse)
May 13 15:34 : exception: nested: pa_context_connect() has failed: Connection refused
May 13 15:34 : client: [0] opened from 127.0.0.1:53510
May 13 15:34 : client: [0] closed
May 13 15:34 : client: [1] opened from 127.0.0.1:53512
May 13 15:34 : exception: Failed to enable output "pulse audio" (pulse)
May 13 15:34 : exception: nested: pa_context_connect() has failed: Connection refused
May 13 15:34 : client: [1] closed
May 13 15:35 : client: [2] opened from 127.0.0.1:53514
May 13 15:35 : client: [3] opened from 127.0.0.1:53516
May 13 15:35 : client: [3] closed
May 13 15:35 : client: [4] opened from 127.0.0.1:53518
May 13 15:35 : exception: Failed to enable output "pulse audio" (pulse)
May 13 15:35 : exception: nested: pa_context_connect() has failed: Connection refused
May 13 15:35 : client: [4] closed
May 13 15:35 : client: [5] opened from 127.0.0.1:53520
May 13 15:35 : client: [5] closed
May 13 15:35 : client: [6] opened from 127.0.0.1:53522
May 13 15:35 : exception: Failed to enable output "pulse audio" (pulse)
May 13 15:35 : exception: nested: pa_context_connect() has failed: Connection refused
May 13 15:35 : client: [6] closed
May 13 15:35 : player: played "Maon Kurosaki - ROAR (Single) Toaru Majutsu no Index III OP2/01. ROAR.mp3"
May 13 15:35 : exception: Failed to enable output "pulse audio" (pulse)
May 13 15:35 : exception: nested: pa_context_connect() has failed: Connection refused
May 13 15:35 : client: [2] closed
May 13 15:37 : player: played "Ghibli the Best [MP3]/15 - A Town with an Ocean View (Kiki's Delivery Service).mp3"
May 13 15:37 : exception: Failed to enable output "pulse audio" (pulse)
May 13 15:37 : exception: nested: pa_context_connect() has failed: Connection refused
May 13 15:38 : player: played "Major メジャー Perfect Song Collection/CD 1/15. Jibun Color - Nakamura Yu.mp3"
May 13 15:38 : config: option 'device' on line 13 was not recognized
May 13 15:38 : exception: Failed to enable output "pulse audio" (pulse)
May 13 15:38 : exception: nested: pa_context_connect() has failed: Connection refused
May 13 15:38 : exception: Failed to enable output "pulse audio" (pulse)
May 13 15:38 : exception: nested: pa_context_connect() has failed: Connection refused
May 13 15:39 : client: [0] opened from 127.0.0.1:53602
May 13 15:39 : client: [1] opened from 127.0.0.1:53604
May 13 15:39 : client: [1] closed
May 13 15:39 : client: [2] opened from 127.0.0.1:53606
May 13 15:39 : exception: Failed to enable output "pulse audio" (pulse)
May 13 15:39 : exception: nested: pa_context_connect() has failed: Connection refused
May 13 15:39 : client: [2] closed
May 13 15:39 : client: [0] closed
May 13 15:39 : player: played "Major メジャー Perfect Song Collection/CD 1/15. Jibun Color - Nakamura Yu.mp3"
May 13 15:40 : config: option 'device' on line 13 was not recognized
May 13 15:40 : exception: Failed to enable output "pulse audio" (pulse)
May 13 15:40 : exception: nested: pa_context_connect() has failed: Connection refused
May 13 15:40 : exception: Failed to enable output "pulse audio" (pulse)
May 13 15:40 : exception: nested: pa_context_connect() has failed: Connection refused
May 13 15:41 : client: [0] opened from 127.0.0.1:45172
May 13 15:41 : client: [0] closed
May 13 15:41 : player: played "Major メジャー Perfect Song Collection/CD 1/15. Jibun Color - Nakamura Yu.mp3"
May 13 15:41 : exception: RTIOThread could not get realtime scheduling, continuing anyway: sched_setscheduler failed: Operation not permitted
May 13 15:41 : config: option 'device' on line 13 was not recognized
May 13 15:41 : exception: OutputThread could not get realtime scheduling, continuing anyway: sched_setscheduler failed: Operation not permitted
May 13 15:41 : exception: OutputThread could not get realtime scheduling, continuing anyway: sched_setscheduler failed: Operation not permitted
May 13 15:41 : client: [0] opened from 127.0.0.1:45174
May 13 15:41 : client: [0] closed
May 13 15:41 : client: [1] opened from 127.0.0.1:45176
May 13 15:41 : client: [1] closed
May 13 15:42 : client: [2] opened from 127.0.0.1:45178
May 13 15:42 : client: [2] closed
May 13 15:43 : player: played "Major メジャー Perfect Song Collection/CD 1/15. Jibun Color - Nakamura Yu.mp3"
May 13 15:47 : player: played "Mahoutsukai no Yome [FLAC]/[180207] OP2 - You - May'n/01. You.flac"
May 13 15:51 : player: played "Ao no Ekusoshisuto OP/01. CORE PRIDE.mp3"
May 13 15:55 : player: played "Major メジャー Perfect Song Collection/CD 1/12. Ame Nochi Niji Iro - Shigeno Gorou The Loose Dogs Feat.ohguro Maki.mp3"
May 13 16:00 : player: played "Yanaginagi/09. mnemonic.flac"
May 13 16:03 : avahi: Client Disconnected, will reconnect shortly
May 13 16:03 : avahi: Could not reconnect: Daemon not running
May 13 16:03 : exception: Failed to play on "pulse audio" (pulse): disconnected
May 13 16:03 : player: played "Guilty Crown OST [MP3]/01 Departures ~Anata ni Okuru Ai no Uta~.mp3"
May 13 21:38 : exception: RTIOThread could not get realtime scheduling, continuing anyway: sched_setscheduler failed: Operation not permitted
May 13 21:38 : config: option 'device' on line 13 was not recognized
May 13 21:38 : exception: OutputThread could not get realtime scheduling, continuing anyway: sched_setscheduler failed: Operation not permitted
May 13 21:38 : exception: OutputThread could not get realtime scheduling, continuing anyway: sched_setscheduler failed: Operation not permitted
May 13 21:38 : client: [0] opened from 127.0.0.1:55780
May 13 21:38 : client: [0] closed
May 13 23:01 : client: [1] opened from 127.0.0.1:57436
May 13 23:01 : client: [1] closed
May 13 23:12 : avahi: Client Disconnected, will reconnect shortly
May 13 23:12 : avahi: Could not reconnect: Daemon not running
May 13 23:12 : player: played "Guilty Crown OST [MP3]/01 Departures ~Anata ni Okuru Ai no Uta~.mp3"
May 14 14:32 : exception: RTIOThread could not get realtime scheduling, continuing anyway: sched_setscheduler failed: Operation not permitted
May 14 14:32 : config: option 'device' on line 13 was not recognized
May 14 14:32 : exception: OutputThread could not get realtime scheduling, continuing anyway: sched_setscheduler failed: Operation not permitted
May 14 16:18 : avahi: Client Disconnected, will reconnect shortly
May 14 16:18 : avahi: Could not reconnect: Daemon not running
May 14 16:19 : player: played "Guilty Crown OST [MP3]/01 Departures ~Anata ni Okuru Ai no Uta~.mp3"
May 14 16:48 : exception: RTIOThread could not get realtime scheduling, continuing anyway: sched_setscheduler failed: Operation not permitted
May 14 16:48 : config: option 'device' on line 13 was not recognized
May 14 16:48 : exception: OutputThread could not get realtime scheduling, continuing anyway: sched_setscheduler failed: Operation not permitted
May 14 18:38 : client: [0] opened from 127.0.0.1:44162
May 14 18:38 : exception: OutputThread could not get realtime scheduling, continuing anyway: sched_setscheduler failed: Operation not permitted
May 14 18:38 : client: [0] closed
May 14 18:38 : client: [1] opened from 127.0.0.1:44164
May 14 18:38 : client: [1] closed
May 14 18:38 : client: [2] opened from 127.0.0.1:44166
May 14 18:38 : client: [2] closed
May 14 18:40 : player: played "Guilty Crown OST [MP3]/01 Departures ~Anata ni Okuru Ai no Uta~.mp3"
May 14 18:41 : exception: Failed to play on "pulse audio" (pulse): disconnected
May 14 18:45 : player: played "Yanaginagi/07. Aliens.flac"
May 14 18:47 : client: [3] opened from 127.0.0.1:44276
May 14 18:47 : client: [3] closed
May 14 18:50 : avahi: Client Disconnected, will reconnect shortly
May 14 18:50 : avahi: Could not reconnect: Daemon not running
May 14 18:50 : player: played "Aimer/BEST SELECTION blanc/07. broKen NIGHT.mp3"
May 14 18:50 : exception: RTIOThread could not get realtime scheduling, continuing anyway: sched_setscheduler failed: Operation not permitted
May 14 18:50 : config: option 'device' on line 13 was not recognized
May 14 18:50 : exception: OutputThread could not get realtime scheduling, continuing anyway: sched_setscheduler failed: Operation not permitted
May 14 18:50 : client: [0] opened from 127.0.0.1:49166
May 14 18:50 : exception: OutputThread could not get realtime scheduling, continuing anyway: sched_setscheduler failed: Operation not permitted
May 14 18:50 : client: [0] closed
May 14 18:51 : client: [1] opened from 127.0.0.1:49168
May 14 18:53 : player: played "Aimer/BEST SELECTION blanc/07. broKen NIGHT.mp3"
May 14 18:55 : client: [2] opened from 127.0.0.1:49218
May 14 18:55 : client: [2] closed
May 14 19:18 : client: [1] closed
May 14 20:11 : avahi: Client Disconnected, will reconnect shortly
May 14 20:11 : avahi: Could not reconnect: Daemon not running
May 14 20:11 : player: played "Aimer/BEST SELECTION blanc/09. 君を待つ.mp3"
May 14 20:21 : exception: RTIOThread could not get realtime scheduling, continuing anyway: sched_setscheduler failed: Operation not permitted
May 14 20:21 : config: option 'device' on line 13 was not recognized
May 14 20:21 : exception: OutputThread could not get realtime scheduling, continuing anyway: sched_setscheduler failed: Operation not permitted
May 14 21:07 : client: [0] opened from 127.0.0.1:40422
May 14 21:07 : exception: OutputThread could not get realtime scheduling, continuing anyway: sched_setscheduler failed: Operation not permitted
May 14 21:07 : client: [0] closed
May 14 21:10 : player: played "Aimer/BEST SELECTION blanc/09. 君を待つ.mp3"
May 14 21:14 : player: played "Yanaginagi/01. Yukitoki.flac"
May 14 21:18 : player: played "Yanaginagi/03. Tetragon.flac"
May 14 21:25 : player: played "Mika Nakashima – Yuki no Hana 15 Shunen Kinen Best Ban BIBLE/Disc 2/07 Boku Ga Shinou To Omottanowa.mp3"
May 14 21:29 : player: played "Major メジャー Perfect Song Collection/CD 1/13. Hey!hey!alright - Scha Dara Parr + Kimura Kaela.mp3"
May 14 21:33 : player: played "Mika Nakashima – Yuki no Hana 15 Shunen Kinen Best Ban BIBLE/Disc 3/03 Ichiban Kireina Watashiwo.mp3"
May 14 21:38 : player: played "Yanaginagi/15. You can count on me.flac"
May 14 21:41 : player: played "Ao no Ekusoshisuto OP/02. 境地・マントラ.mp3"
May 14 21:47 : player: played "Mika Nakashima – Yuki no Hana 15 Shunen Kinen Best Ban BIBLE/Disc 1/02 Will.mp3"
May 14 21:51 : player: played "Yanaginagi/12. Mimei no Kimi to Hakumei no Mahou.flac"
May 14 21:57 : player: played "Mika Nakashima – Yuki no Hana 15 Shunen Kinen Best Ban BIBLE/Disc 3/13 Find the Way.mp3"
May 14 22:00 : player: played "Shingeki no Kyojin/01 - great escape.mp3"
May 14 22:04 : player: played "Maon Kurosaki - ROAR (Single) Toaru Majutsu no Index III OP2/01. ROAR.mp3"
May 14 22:07 : client: [1] opened from 127.0.0.1:42208
May 14 22:07 : client: [1] closed
May 14 22:07 : client: [2] opened from 127.0.0.1:42224
May 14 22:07 : client: [3] opened from 127.0.0.1:42226
May 14 22:07 : client: [3] closed
May 14 22:07 : client: [2] closed
May 14 22:08 : client: [4] opened from 127.0.0.1:42230
May 14 22:08 : client: [4] closed
May 14 22:12 : player: played "Major メジャー Perfect Song Collection/CD 1/02. Step - Arashiro Beni.mp3"
May 14 22:17 : player: played "ReZero Kara Hajimeru Isekai Seikatsu OP Single - Redo FLAC/03 - Sekai wa Kizu wo Dakishimeru (Acoustic ver.).flac"
May 14 22:18 : client: [5] opened from 127.0.0.1:42360
May 14 22:18 : client: [5] closed
May 14 23:21 : player: played "Major メジャー Perfect Song Collection/CD 1/10. Rise - Otomo Kohei.mp3"
May 14 23:21 : exception: RTIOThread could not get realtime scheduling, continuing anyway: sched_setscheduler failed: Operation not permitted
May 14 23:21 : config: option 'device' on line 13 was not recognized
May 14 23:21 : exception: OutputThread could not get realtime scheduling, continuing anyway: sched_setscheduler failed: Operation not permitted
May 14 23:36 : client: [0] opened from 127.0.0.1:43594
May 14 23:36 : exception: OutputThread could not get realtime scheduling, continuing anyway: sched_setscheduler failed: Operation not permitted
May 14 23:36 : client: [0] closed
May 14 23:36 : client: [1] opened from 127.0.0.1:43596
May 14 23:36 : client: [1] closed
May 14 23:44 : avahi: Client Disconnected, will reconnect shortly
May 14 23:44 : avahi: Could not reconnect: Daemon not running
May 14 23:44 : player: played "Major メジャー Perfect Song Collection/CD 1/10. Rise - Otomo Kohei.mp3"
May 15 09:27 : exception: RTIOThread could not get realtime scheduling, continuing anyway: sched_setscheduler failed: Operation not permitted
May 15 09:27 : config: option 'device' on line 13 was not recognized
May 15 09:27 : exception: OutputThread could not get realtime scheduling, continuing anyway: sched_setscheduler failed: Operation not permitted
May 15 09:30 : client: [0] opened from 127.0.0.1:51720
May 15 09:30 : exception: OutputThread could not get realtime scheduling, continuing anyway: sched_setscheduler failed: Operation not permitted
May 15 09:30 : client: [0] closed
May 15 09:33 : player: played "Major メジャー Perfect Song Collection/CD 1/10. Rise - Otomo Kohei.mp3"
May 15 09:38 : player: played "Yanaginagi/01. over and over.flac"
May 15 09:43 : player: played "Yuuki Ozaki (from Galileo Galilei) - Trigger/03. Ashi No Tsuku Umi.mp3"
May 15 09:45 : client: [1] opened from 127.0.0.1:51944
May 15 09:45 : client: [1] closed
May 15 10:39 : client: [2] opened from 127.0.0.1:52156
May 15 10:39 : client: [3] opened from 127.0.0.1:52158
May 15 10:39 : client: [3] closed
May 15 10:39 : client: [2] closed
May 15 10:42 : player: played "[AOJS] Janne Da Arc - Gekkouka/01. 月光花.mp3"
May 15 10:46 : player: played "Burnout Syndrome/02 エアギターガール.mp3"
May 15 10:51 : player: played "Haikyu!! COMPLETE BEST/02. Tenchi gaeshi.mp3"
May 15 10:55 : player: played "Major メジャー Perfect Song Collection/CD 1/06. Shoboi Kao Sunnayo Baby - The Loose Dogs.mp3"
May 15 11:00 : player: played "Amazarashi/amazarashi – Kisetsu wa Tsugitsugi Shindeiku Single/01 季節は次々死んでいく.mp3"
May 15 11:05 : player: played "Aimer/[2014.09.03] Dareka, Umi wo. (誰か、海を。) [Mini Album]/02. 白昼夢.mp3"
May 15 11:12 : player: played "Yanaginagi/02. Laterality.flac"
May 15 11:13 : client: [4] opened from 127.0.0.1:52688
May 15 11:13 : client: [4] closed
May 15 11:20 : client: [5] opened from 127.0.0.1:52780
May 15 11:20 : client: [5] closed
May 15 11:23 : player: played "Aimer/BEST SELECTION blanc/09. 君を待つ.mp3"
May 15 11:26 : avahi: Client Disconnected, will reconnect shortly
May 15 11:26 : avahi: Could not reconnect: Daemon not running
May 15 11:27 : player: played "Mika Nakashima – Yuki no Hana 15 Shunen Kinen Best Ban BIBLE/Disc 1/06 Ainouta.mp3"
May 15 11:27 : exception: Failed to play on "pulse audio" (pulse): disconnected
May 15 11:32 : exception: RTIOThread could not get realtime scheduling, continuing anyway: sched_setscheduler failed: Operation not permitted
May 15 11:32 : config: option 'device' on line 13 was not recognized
May 15 11:32 : exception: OutputThread could not get realtime scheduling, continuing anyway: sched_setscheduler failed: Operation not permitted
May 15 11:32 : exception: OutputThread could not get realtime scheduling, continuing anyway: sched_setscheduler failed: Operation not permitted
May 15 11:34 : player: played "Mika Nakashima – Yuki no Hana 15 Shunen Kinen Best Ban BIBLE/Disc 1/06 Ainouta.mp3"
May 15 11:39 : player: played "藤田麻衣子 - wish ～キボウ～/3 気持ちの整理できるまで.mp3"
May 15 11:43 : player: played "ReZero Kara Hajimeru Isekai Seikatsu OP Single - Redo FLAC/02 - Mobius.flac"
May 15 11:46 : player: played "Ghibli the Best [MP3]/09 - The Merry-go-round of Life (Howl's Moving Castle).mp3"
May 15 11:49 : client: [0] opened from 127.0.0.1:36032
May 15 11:49 : client: [0] closed
May 15 11:58 : client: [1] opened from 127.0.0.1:36056
May 15 11:58 : client: [1] closed
May 15 11:58 : client: [2] opened from 127.0.0.1:36058
May 15 11:58 : client: [2] closed
May 15 12:03 : player: played "Mahoutsukai no Yome [FLAC]/[180207] OP2 - You - May'n/03. Monster.flac"
May 15 12:07 : player: played "Mahoutsukai no Yome [FLAC]/[180207] OP2 - You - May'n/01. You.flac"
May 15 12:12 : player: played "Mika Nakashima – Yuki no Hana 15 Shunen Kinen Best Ban BIBLE/Disc 3/06 Fighter.mp3"
May 15 12:16 : player: played "Barakamon OST/02 - Watakushigoto.mp3"
May 15 12:20 : player: played "Aimer/BEST SELECTION blanc/09. 君を待つ.mp3"
May 15 12:23 : player: played "Bleach OST/02 - Nyaamii.mp3"
May 15 12:27 : player: played "Magi - The Kingdom of Magic - OP2 - Light-HIKARI- ViViD/MP3/01. Light -HIKARI-.mp3"
May 15 12:33 : player: played "Mika Nakashima – Yuki no Hana 15 Shunen Kinen Best Ban BIBLE/Disc 1/04 Hatsukoi.mp3"
May 15 12:36 : client: [3] opened from 127.0.0.1:36204
May 15 12:36 : player: played "KANA-BOON - ネリネ/02. アフターワード.mp3"
May 15 12:40 : player: played "Major メジャー Perfect Song Collection/CD 1/07. Play The Game.mp3"
May 15 12:46 : player: played "Aimer/BEST SELECTION blanc/05. Re-pray.mp3"
May 15 12:49 : player: played "Ghibli the Best [MP3]/13 - Nausicaa of the Valley of the Wind.mp3"
May 15 12:53 : player: played "Ghibli the Best [MP3]/16 - The Promise of the World (Howl's Moving Castle).mp3"
May 15 12:59 : player: played "Mika Nakashima – Yuki no Hana 15 Shunen Kinen Best Ban BIBLE/Disc 1/01 Yuki No Hana.mp3"
May 15 13:04 : player: played "Amazarashi/amazarashi – Kisetsu wa Tsugitsugi Shindeiku Single/03 自虐家のアリー.mp3"
May 15 13:10 : player: played "Mika Nakashima – Yuki no Hana 15 Shunen Kinen Best Ban BIBLE/Disc 2/03 Forget Me Not.mp3"
May 15 13:14 : player: played "KANA-BOON - ネリネ/03. 春を待って.mp3"
May 15 13:20 : player: played "Amazarashi/amazarashi - Sora ni Utaeba/03. たられば.mp3"
May 15 13:22 : player: played "Yuuki Ozaki (from Galileo Galilei) - Trigger/02. Dobu To Kobune To Bokura No Shinwa (Single Ver.).mp3"
May 15 13:28 : player: played "Mika Nakashima – Yuki no Hana 15 Shunen Kinen Best Ban BIBLE/Disc 3/02 Stars.mp3"
May 15 13:33 : player: played "Yanaginagi/11. Satoudama no Tsuki.flac"
May 15 13:37 : player: played "Yanaginagi/13. Satoudama no Tsuki.flac"
May 15 13:41 : client: [4] opened from 127.0.0.1:36462
May 15 13:41 : client: [4] closed
May 15 13:41 : client: [5] opened from 127.0.0.1:36466
May 15 13:41 : client: [5] closed
May 15 13:45 : client: [6] opened from 127.0.0.1:36506
May 15 13:45 : client: [6] closed
May 15 13:45 : client: [7] opened from 127.0.0.1:36508
May 15 13:45 : client: [7] closed
May 15 13:45 : client: [8] opened from 127.0.0.1:36510
May 15 13:45 : client: [8] closed
May 15 13:46 : client: [9] opened from 127.0.0.1:36576
May 15 13:46 : client: [9] closed
May 15 13:46 : client: [10] opened from 127.0.0.1:36578
May 15 13:46 : client: [10] closed
May 15 13:46 : client: [11] opened from 127.0.0.1:36580
May 15 13:46 : client: [11] closed
May 15 13:46 : client: [12] opened from 127.0.0.1:36582
May 15 13:46 : client: [12] closed
May 15 13:46 : client: [13] opened from 127.0.0.1:36584
May 15 13:46 : client: [13] closed
May 15 13:46 : client: [14] opened from 127.0.0.1:36586
May 15 13:46 : client: [14] closed
May 15 13:46 : client: [15] opened from 127.0.0.1:36588
May 15 13:46 : client: [15] closed
May 15 13:46 : client: [16] opened from 127.0.0.1:36592
May 15 13:46 : client: [16] closed
May 15 13:46 : client: [17] opened from 127.0.0.1:36594
May 15 13:46 : client: [17] closed
May 15 13:46 : client: [18] opened from 127.0.0.1:36596
May 15 13:46 : client: [18] closed
May 15 13:47 : client: [19] opened from 127.0.0.1:36598
May 15 13:47 : client: [19] closed
May 15 13:47 : client: [20] opened from 127.0.0.1:36600
May 15 13:47 : client: [20] closed
May 15 13:47 : client: [21] opened from 127.0.0.1:36602
May 15 13:47 : client: [21] closed
May 15 13:47 : client: [22] opened from 127.0.0.1:36604
May 15 13:47 : client: [22] closed
May 15 13:47 : client: [23] opened from 127.0.0.1:36606
May 15 13:47 : client: [23] closed
May 15 13:47 : client: [24] opened from 127.0.0.1:36608
May 15 13:47 : client: [24] closed
May 15 13:47 : client: [25] opened from 127.0.0.1:36610
May 15 13:47 : client: [25] closed
May 15 13:47 : client: [26] opened from 127.0.0.1:36612
May 15 13:47 : client: [26] closed
May 15 13:47 : client: [27] opened from 127.0.0.1:36614
May 15 13:47 : client: [27] closed
May 15 13:47 : client: [28] opened from 127.0.0.1:36616
May 15 13:47 : client: [28] closed
May 15 13:49 : player: played "Shingeki no Kyojin/03 - Moshi Kono Kabe no Naka ga Ikken no Ie da to Shitara.mp3"
May 15 13:51 : client: [29] opened from 127.0.0.1:36746
May 15 13:51 : client: [29] closed
May 15 13:52 : client: [30] opened from 127.0.0.1:36770
May 15 13:52 : client: [30] closed
May 15 13:52 : client: [31] opened from 127.0.0.1:36772
May 15 13:52 : client: [31] closed
May 15 13:56 : player: played "Mika Nakashima – Yuki no Hana 15 Shunen Kinen Best Ban BIBLE/Disc 3/05 Glamorous Sky.mp3"
May 15 13:59 : client: [32] opened from 127.0.0.1:36940
May 15 13:59 : client: [32] closed
May 15 13:59 : client: [33] opened from 127.0.0.1:36942
May 15 13:59 : client: [33] closed
May 15 13:59 : client: [34] opened from 127.0.0.1:36944
May 15 13:59 : client: [34] closed
May 15 13:59 : client: [35] opened from 127.0.0.1:36946
May 15 13:59 : client: [35] closed
May 15 13:59 : client: [36] opened from 127.0.0.1:36948
May 15 13:59 : client: [36] closed
May 15 13:59 : client: [37] opened from 127.0.0.1:36950
May 15 13:59 : client: [37] closed
May 15 13:59 : client: [38] opened from 127.0.0.1:36952
May 15 13:59 : client: [38] closed
May 15 13:59 : client: [39] opened from 127.0.0.1:36954
May 15 13:59 : client: [39] closed
May 15 13:59 : client: [40] opened from 127.0.0.1:36956
May 15 13:59 : client: [40] closed
May 15 13:59 : client: [41] opened from 127.0.0.1:36958
May 15 13:59 : client: [41] closed
May 15 13:59 : client: [42] opened from 127.0.0.1:36960
May 15 13:59 : client: [42] closed
May 15 13:59 : client: [43] opened from 127.0.0.1:36962
May 15 13:59 : client: [43] closed
May 15 13:59 : client: [44] opened from 127.0.0.1:36964
May 15 13:59 : client: [44] closed
May 15 13:59 : client: [45] opened from 127.0.0.1:36966
May 15 13:59 : client: [45] closed
May 15 13:59 : client: [46] opened from 127.0.0.1:36968
May 15 13:59 : client: [46] closed
May 15 13:59 : client: [47] opened from 127.0.0.1:36970
May 15 13:59 : client: [47] closed
May 15 13:59 : client: [48] opened from 127.0.0.1:36972
May 15 13:59 : client: [48] closed
May 15 13:59 : client: [49] opened from 127.0.0.1:36974
May 15 13:59 : client: [49] closed
May 15 13:59 : client: [50] opened from 127.0.0.1:36976
May 15 13:59 : client: [50] closed
May 15 14:02 : player: played "Yanaginagi/04. Orarion.flac"
May 15 14:05 : player: played "MADKID - Rise (Single) Tate no Yuusha no Nariagari OP/01.RISE.mp3"
May 15 14:11 : player: played "Shingeki no Kyojin/02 - Jiyuu no Tsubasa.mp3"
May 15 14:14 : avahi: Client Disconnected, will reconnect shortly
May 15 14:14 : avahi: Could not reconnect: Daemon not running
May 15 14:14 : client: [3] closed
May 15 14:14 : exception: Failed to play on "pulse audio" (pulse): disconnected
May 15 14:14 : player: played "Major メジャー Perfect Song Collection/CD 1/06. Shoboi Kao Sunnayo Baby - The Loose Dogs.mp3"
May 15 16:37 : exception: RTIOThread could not get realtime scheduling, continuing anyway: sched_setscheduler failed: Operation not permitted
May 15 16:37 : config: option 'device' on line 13 was not recognized
May 15 16:37 : exception: OutputThread could not get realtime scheduling, continuing anyway: sched_setscheduler failed: Operation not permitted
May 15 16:37 : exception: OutputThread could not get realtime scheduling, continuing anyway: sched_setscheduler failed: Operation not permitted
May 15 16:38 : player: played "Major メジャー Perfect Song Collection/CD 1/06. Shoboi Kao Sunnayo Baby - The Loose Dogs.mp3"
May 15 16:42 : player: played "DAOKO – Shiteki Ryokou (3rd Album)/DAOKO - 05 - 種も仕掛けもある魔法.mp3"
May 15 16:46 : client: [0] opened from 127.0.0.1:51370
May 15 16:46 : client: [0] closed
May 15 18:31 : client: [1] opened from 127.0.0.1:53792
May 15 18:31 : client: [1] closed
May 15 18:31 : client: [2] opened from 127.0.0.1:53794
May 15 18:31 : client: [2] closed
May 15 19:17 : avahi: Client Disconnected, will reconnect shortly
May 15 19:17 : avahi: Could not reconnect: Daemon not running
May 15 19:17 : player: played "Haikyu!! COMPLETE BEST/05. Hoshi wo tsukamaete.mp3"
May 15 20:56 : exception: RTIOThread could not get realtime scheduling, continuing anyway: sched_setscheduler failed: Operation not permitted
May 15 20:56 : config: option 'device' on line 13 was not recognized
May 15 20:56 : exception: OutputThread could not get realtime scheduling, continuing anyway: sched_setscheduler failed: Operation not permitted
May 15 20:58 : client: [0] opened from 127.0.0.1:59528
May 15 20:58 : exception: OutputThread could not get realtime scheduling, continuing anyway: sched_setscheduler failed: Operation not permitted
May 15 20:58 : client: [0] closed
May 15 20:59 : player: played "Haikyu!! COMPLETE BEST/05. Hoshi wo tsukamaete.mp3"
May 15 21:02 : player: played "Ghibli the Best [MP3]/10 - The Rose (Only Yesterday).mp3"
May 15 21:02 : client: [1] opened from 127.0.0.1:59604
May 15 21:02 : client: [1] closed
May 15 21:45 : avahi: Client Disconnected, will reconnect shortly
May 15 21:45 : avahi: Could not reconnect: Daemon not running
May 15 21:45 : player: played "Hyouka OST/03 - Aozora no Kodou.mp3"
May 16 13:48 : exception: RTIOThread could not get realtime scheduling, continuing anyway: sched_setscheduler failed: Operation not permitted
May 16 13:48 : config: option 'device' on line 13 was not recognized
May 16 13:48 : exception: OutputThread could not get realtime scheduling, continuing anyway: sched_setscheduler failed: Operation not permitted
May 16 13:49 : avahi: Client Disconnected, will reconnect shortly
May 16 13:49 : avahi: Could not reconnect: Daemon not running
May 16 18:22 : exception: RTIOThread could not get realtime scheduling, continuing anyway: sched_setscheduler failed: Operation not permitted
May 16 18:22 : config: option 'device' on line 13 was not recognized
May 16 18:22 : exception: OutputThread could not get realtime scheduling, continuing anyway: sched_setscheduler failed: Operation not permitted
May 16 19:02 : avahi: Client Disconnected, will reconnect shortly
May 16 19:02 : avahi: Could not reconnect: Daemon not running
May 16 19:02 : player: played "Hyouka OST/03 - Aozora no Kodou.mp3"
May 16 19:51 : exception: RTIOThread could not get realtime scheduling, continuing anyway: sched_setscheduler failed: Operation not permitted
May 16 19:51 : config: option 'device' on line 13 was not recognized
May 16 19:51 : exception: OutputThread could not get realtime scheduling, continuing anyway: sched_setscheduler failed: Operation not permitted
May 16 20:13 : client: [0] opened from 127.0.0.1:37840
May 16 20:13 : exception: OutputThread could not get realtime scheduling, continuing anyway: sched_setscheduler failed: Operation not permitted
May 16 20:13 : client: [0] closed
May 16 20:13 : client: [1] opened from 127.0.0.1:37842
May 16 20:13 : client: [1] closed
May 16 20:15 : client: [2] opened from 127.0.0.1:37900
May 16 20:15 : client: [2] closed
May 16 20:18 : player: played "Hyouka OST/03 - Aozora no Kodou.mp3"
May 16 20:24 : player: played "Yanaginagi/14. link.flac"
May 16 20:28 : player: played "Fairy Tail OST/09 Fairy Tail ~Yakusoku no Hi~.flac"
May 16 20:33 : player: played "Mika Nakashima – Yuki no Hana 15 Shunen Kinen Best Ban BIBLE/Disc 1/10 Love No Cry.mp3"
May 16 20:38 : player: played "ReZero Kara Hajimeru Isekai Seikatsu OP Single - Redo FLAC/02 - Mobius.flac"
May 16 20:44 : player: played "Aimer/BEST SELECTION blanc/04. ポラリス.mp3"
May 16 20:49 : player: played "Yanaginagi/01. over and over.flac"
May 16 20:53 : player: played "Mika Nakashima – Yuki no Hana 15 Shunen Kinen Best Ban BIBLE/Disc 3/14 Last Waltz.mp3"
May 16 20:57 : player: played "Major メジャー Perfect Song Collection/CD 1/03. Faraway - Paradise Go!! Go!!.mp3"
May 16 21:03 : player: played "Minami - Kawaki wo Ameku (Single) Domestic na Kanojo OP/04.Prologue.mp3"
May 16 21:07 : player: played "Hyouka OST/02 - Komorebi-iro no Kioku.mp3"
May 16 21:08 : avahi: Client Disconnected, will reconnect shortly
May 16 21:08 : avahi: Could not reconnect: Daemon not running
May 16 21:08 : exception: Failed to play on "pulse audio" (pulse): disconnected
May 16 21:08 : player: played "DAOKO – Shiteki Ryokou (3rd Album)/DAOKO - 05 - 種も仕掛けもある魔法.mp3"
May 17 20:07 : exception: RTIOThread could not get realtime scheduling, continuing anyway: sched_setscheduler failed: Operation not permitted
May 17 20:07 : config: option 'device' on line 13 was not recognized
May 17 20:07 : exception: OutputThread could not get realtime scheduling, continuing anyway: sched_setscheduler failed: Operation not permitted
May 17 20:07 : exception: OutputThread could not get realtime scheduling, continuing anyway: sched_setscheduler failed: Operation not permitted
